/*C41*/SET SCHEMA PUBLIC
drop table Lance if exists
drop table Leilao if exists
drop table Usuario if exists
create table Lance (id bigint generated by default as identity (start with 1), data timestamp, valor double not null, leilao_id bigint, usuario_id bigint, primary key (id))
create table Leilao (id bigint generated by default as identity (start with 1), dataAbertura timestamp, nome varchar(255), usado bit not null, valorInicial double, usuario_id bigint, primary key (id))
create table Usuario (id bigint generated by default as identity (start with 1), email varchar(255), nome varchar(255), primary key (id))
alter table Lance add constraint FK45CBB9B2E297AC3 foreign key (usuario_id) references Usuario
alter table Lance add constraint FK45CBB9BCCF67091 foreign key (leilao_id) references Leilao
alter table Leilao add constraint FK8770F1AA2E297AC3 foreign key (usuario_id) references Usuario
DISCONNECT
/*C44*/SET SCHEMA PUBLIC
DISCONNECT
/*C42*/SET SCHEMA PUBLIC
DISCONNECT
/*C43*/SET SCHEMA PUBLIC
DISCONNECT
/*C46*/SET SCHEMA PUBLIC
DISCONNECT
/*C45*/SET SCHEMA PUBLIC
DISCONNECT
/*C47*/SET SCHEMA PUBLIC
DISCONNECT
/*C49*/SET SCHEMA PUBLIC
DISCONNECT
/*C48*/SET SCHEMA PUBLIC
DISCONNECT
/*C50*/SET SCHEMA PUBLIC
DISCONNECT
/*C52*/SET SCHEMA PUBLIC
DISCONNECT
/*C53*/SET SCHEMA PUBLIC
DISCONNECT
/*C51*/SET SCHEMA PUBLIC
DISCONNECT
/*C55*/SET SCHEMA PUBLIC
DISCONNECT
/*C56*/SET SCHEMA PUBLIC
DISCONNECT
/*C54*/SET SCHEMA PUBLIC
DISCONNECT
/*C58*/SET SCHEMA PUBLIC
DISCONNECT
/*C59*/SET SCHEMA PUBLIC
DISCONNECT
/*C57*/SET SCHEMA PUBLIC
DISCONNECT
/*C62*/SET SCHEMA PUBLIC
DISCONNECT
/*C60*/SET SCHEMA PUBLIC
DISCONNECT
/*C61*/SET SCHEMA PUBLIC
DISCONNECT
/*C63*/SET SCHEMA PUBLIC
DISCONNECT
/*C65*/SET SCHEMA PUBLIC
DISCONNECT
/*C64*/SET SCHEMA PUBLIC
DISCONNECT
/*C67*/SET SCHEMA PUBLIC
DISCONNECT
/*C68*/SET SCHEMA PUBLIC
DISCONNECT
/*C66*/SET SCHEMA PUBLIC
DISCONNECT
/*C70*/SET SCHEMA PUBLIC
DISCONNECT
/*C69*/SET SCHEMA PUBLIC
DISCONNECT
/*C71*/SET SCHEMA PUBLIC
DISCONNECT
/*C74*/SET SCHEMA PUBLIC
DISCONNECT
/*C73*/SET SCHEMA PUBLIC
DISCONNECT
/*C72*/SET SCHEMA PUBLIC
DISCONNECT
/*C76*/SET SCHEMA PUBLIC
DISCONNECT
/*C75*/SET SCHEMA PUBLIC
DISCONNECT
/*C77*/SET SCHEMA PUBLIC
DISCONNECT
/*C79*/SET SCHEMA PUBLIC
DISCONNECT
/*C80*/SET SCHEMA PUBLIC
DISCONNECT
/*C78*/SET SCHEMA PUBLIC
DISCONNECT
/*C82*/SET SCHEMA PUBLIC
DISCONNECT
/*C83*/SET SCHEMA PUBLIC
DISCONNECT
/*C81*/SET SCHEMA PUBLIC
DISCONNECT
/*C86*/SET SCHEMA PUBLIC
DISCONNECT
/*C84*/SET SCHEMA PUBLIC
DISCONNECT
/*C85*/SET SCHEMA PUBLIC
DISCONNECT
/*C89*/SET SCHEMA PUBLIC
INSERT INTO USUARIO VALUES(1,'anderson@email.com','Anderson')
COMMIT
INSERT INTO USUARIO VALUES(2,'outro_anderson@email.com','Outro Anderson')
COMMIT
INSERT INTO LEILAO VALUES(1,'2019-08-07 22:27:12.130000','Leil\u00e3o Padr\u00e3o','1',500.0E0,1)
COMMIT
ROLLBACK
DISCONNECT
/*C90*/SET SCHEMA PUBLIC
DELETE FROM LEILAO WHERE ID=1
DELETE FROM USUARIO WHERE ID=1
DELETE FROM USUARIO WHERE ID=2
COMMIT
INSERT INTO USUARIO VALUES(3,'anderson@email.com','Anderson')
COMMIT
INSERT INTO USUARIO VALUES(4,'outro_anderson@email.com','Outro Anderson')
COMMIT
INSERT INTO LEILAO VALUES(2,'2019-08-07 22:28:01.763000','Leil\u00e3o Padr\u00e3o','1',500.0E0,3)
COMMIT
INSERT INTO LANCE VALUES(1,'2019-08-07 22:28:02.381000',150.0E0,2,4)
COMMIT
/*C88*/SET SCHEMA PUBLIC
DISCONNECT
/*C90*/DISCONNECT
/*C87*/SET SCHEMA PUBLIC
DISCONNECT
/*C93*/SET SCHEMA PUBLIC
DISCONNECT
/*C92*/SET SCHEMA PUBLIC
DISCONNECT
/*C91*/SET SCHEMA PUBLIC
DISCONNECT
/*C96*/SET SCHEMA PUBLIC
DELETE FROM LANCE WHERE ID=1
DELETE FROM LEILAO WHERE ID=2
DELETE FROM USUARIO WHERE ID=3
DELETE FROM USUARIO WHERE ID=4
COMMIT
INSERT INTO USUARIO VALUES(5,'anderson@email.com','Anderson')
COMMIT
INSERT INTO USUARIO VALUES(6,'outro_anderson@email.com','Outro Anderson')
COMMIT
INSERT INTO LEILAO VALUES(3,'2019-08-07 22:31:09.489000','Leil\u00e3o Padr\u00e3o','1',500.0E0,5)
COMMIT
INSERT INTO LANCE VALUES(2,'2019-08-07 22:31:09.988000',150.0E0,3,6)
COMMIT
ROLLBACK
DISCONNECT
/*C95*/SET SCHEMA PUBLIC
DISCONNECT
/*C94*/SET SCHEMA PUBLIC
DISCONNECT
/*C97*/SET SCHEMA PUBLIC
DISCONNECT
/*C100*/SET SCHEMA PUBLIC
DELETE FROM LANCE WHERE ID=2
DELETE FROM LEILAO WHERE ID=3
DELETE FROM USUARIO WHERE ID=5
DELETE FROM USUARIO WHERE ID=6
COMMIT
INSERT INTO USUARIO VALUES(7,'anderson@email.com','Anderson')
COMMIT
INSERT INTO USUARIO VALUES(8,'outro_anderson@email.com','Outro Anderson')
COMMIT
INSERT INTO LEILAO VALUES(4,'2019-08-07 22:32:55.302000','Leil\u00e3o Padr\u00e3o','1',500.0E0,7)
COMMIT
INSERT INTO LANCE VALUES(3,'2019-08-07 22:32:55.821000',150.0E0,4,8)
COMMIT
ROLLBACK
DISCONNECT
/*C101*/SET SCHEMA PUBLIC
DISCONNECT
/*C98*/SET SCHEMA PUBLIC
DISCONNECT
/*C99*/SET SCHEMA PUBLIC
DISCONNECT
/*C102*/SET SCHEMA PUBLIC
DISCONNECT
/*C103*/SET SCHEMA PUBLIC
DISCONNECT
/*C104*/SET SCHEMA PUBLIC
DISCONNECT
/*C106*/SET SCHEMA PUBLIC
DISCONNECT
/*C105*/SET SCHEMA PUBLIC
DISCONNECT
/*C107*/SET SCHEMA PUBLIC
DISCONNECT
/*C108*/SET SCHEMA PUBLIC
DISCONNECT
/*C109*/SET SCHEMA PUBLIC
DISCONNECT
/*C110*/SET SCHEMA PUBLIC
DISCONNECT
/*C112*/SET SCHEMA PUBLIC
DISCONNECT
/*C111*/SET SCHEMA PUBLIC
DISCONNECT
/*C113*/SET SCHEMA PUBLIC
DISCONNECT
/*C116*/SET SCHEMA PUBLIC
DISCONNECT
/*C114*/SET SCHEMA PUBLIC
DISCONNECT
/*C115*/SET SCHEMA PUBLIC
DISCONNECT
/*C119*/SET SCHEMA PUBLIC
DISCONNECT
/*C118*/SET SCHEMA PUBLIC
DISCONNECT
/*C117*/SET SCHEMA PUBLIC
DISCONNECT
/*C120*/SET SCHEMA PUBLIC
DISCONNECT
/*C121*/SET SCHEMA PUBLIC
DISCONNECT
/*C122*/SET SCHEMA PUBLIC
DISCONNECT
/*C125*/SET SCHEMA PUBLIC
DELETE FROM LANCE WHERE ID=3
DELETE FROM LEILAO WHERE ID=4
DELETE FROM USUARIO WHERE ID=7
DELETE FROM USUARIO WHERE ID=8
COMMIT
INSERT INTO USUARIO VALUES(9,'anderson@email.com','Anderson')
COMMIT
INSERT INTO USUARIO VALUES(10,'outro_anderson@email.com','Outro Anderson')
COMMIT
INSERT INTO LEILAO VALUES(5,'2019-08-07 22:45:17.252000','Leil\u00e3o Padr\u00e3o','1',500.0E0,9)
COMMIT
INSERT INTO LANCE VALUES(4,'2019-08-07 22:45:17.767000',150.0E0,5,10)
COMMIT
ROLLBACK
DISCONNECT
/*C126*/SET SCHEMA PUBLIC
DISCONNECT
/*C124*/SET SCHEMA PUBLIC
DISCONNECT
/*C123*/SET SCHEMA PUBLIC
DISCONNECT
/*C128*/SET SCHEMA PUBLIC
DISCONNECT
/*C127*/SET SCHEMA PUBLIC
DISCONNECT
/*C129*/SET SCHEMA PUBLIC
DISCONNECT
/*C132*/SET SCHEMA PUBLIC
DISCONNECT
/*C131*/SET SCHEMA PUBLIC
DISCONNECT
/*C130*/SET SCHEMA PUBLIC
DISCONNECT
/*C134*/SET SCHEMA PUBLIC
DISCONNECT
/*C133*/SET SCHEMA PUBLIC
DISCONNECT
/*C135*/SET SCHEMA PUBLIC
DISCONNECT
/*C138*/SET SCHEMA PUBLIC
DISCONNECT
/*C137*/SET SCHEMA PUBLIC
DISCONNECT
/*C136*/SET SCHEMA PUBLIC
DISCONNECT
/*C141*/SET SCHEMA PUBLIC
DISCONNECT
/*C139*/SET SCHEMA PUBLIC
DISCONNECT
/*C140*/SET SCHEMA PUBLIC
DISCONNECT
/*C143*/SET SCHEMA PUBLIC
DISCONNECT
/*C142*/SET SCHEMA PUBLIC
DISCONNECT
/*C144*/SET SCHEMA PUBLIC
DISCONNECT
/*C145*/SET SCHEMA PUBLIC
DISCONNECT
/*C146*/SET SCHEMA PUBLIC
DISCONNECT
/*C147*/SET SCHEMA PUBLIC
DISCONNECT
/*C150*/SET SCHEMA PUBLIC
DELETE FROM LANCE WHERE ID=4
DELETE FROM LEILAO WHERE ID=5
DELETE FROM USUARIO WHERE ID=9
DELETE FROM USUARIO WHERE ID=10
COMMIT
INSERT INTO USUARIO VALUES(11,'anderson@email.com','Anderson')
COMMIT
INSERT INTO USUARIO VALUES(12,'outro_anderson@email.com','Outro Anderson')
COMMIT
INSERT INTO LEILAO VALUES(6,'2019-08-07 22:59:09.571000','Leil\u00e3o Padr\u00e3o','1',500.0E0,11)
COMMIT
INSERT INTO LANCE VALUES(5,'2019-08-07 22:59:10.299000',150.0E0,6,12)
COMMIT
ROLLBACK
DISCONNECT
/*C151*/SET SCHEMA PUBLIC
DELETE FROM LANCE WHERE ID=5
DELETE FROM LEILAO WHERE ID=6
DELETE FROM USUARIO WHERE ID=11
DELETE FROM USUARIO WHERE ID=12
COMMIT
INSERT INTO USUARIO VALUES(13,'anderson@email.com','Anderson')
COMMIT
DELETE FROM USUARIO WHERE ID=13
INSERT INTO USUARIO VALUES(13,'anderson@email.comanderson@email.com.br','AndersonAnderson update')
COMMIT
DELETE FROM USUARIO WHERE ID=13
COMMIT
INSERT INTO USUARIO VALUES(14,'anderson@email.com','Anderson')
COMMIT
DELETE FROM USUARIO WHERE ID=14
COMMIT
INSERT INTO USUARIO VALUES(15,'anderson@email.com','Anderson')
COMMIT
DELETE FROM USUARIO WHERE ID=15
COMMIT
/*C149*/SET SCHEMA PUBLIC
DISCONNECT
/*C151*/DISCONNECT
/*C148*/SET SCHEMA PUBLIC
DISCONNECT
/*C154*/SET SCHEMA PUBLIC
INSERT INTO USUARIO VALUES(16,'anderson@email.com','Anderson')
COMMIT
DELETE FROM USUARIO WHERE ID=16
COMMIT
INSERT INTO USUARIO VALUES(17,'anderson@email.com','Anderson')
COMMIT
INSERT INTO LEILAO VALUES(7,'2019-08-07 23:00:01.962000','XPTO','1',500.0E0,17)
COMMIT
ROLLBACK
DISCONNECT
/*C152*/SET SCHEMA PUBLIC
DISCONNECT
/*C153*/SET SCHEMA PUBLIC
DISCONNECT
/*C155*/SET SCHEMA PUBLIC
DISCONNECT
